#
# There is insufficient memory for the Java Runtime Environment to continue.
# Native memory allocation (mmap) failed to map 65536 bytes for Failed to commit metaspace.
# Possible reasons:
#   The system is out of physical RAM or swap space
#   The process is running with CompressedOops enabled, and the Java Heap may be blocking the growth of the native heap
# Possible solutions:
#   Reduce memory load on the system
#   Increase physical memory or swap space
#   Check if swap backing store is full
#   Decrease Java heap size (-Xmx/-Xms)
#   Decrease number of Java threads
#   Decrease Java thread stack sizes (-Xss)
#   Set larger code cache with -XX:ReservedCodeCacheSize=
#   JVM is running with Unscaled Compressed Oops mode in which the Java heap is
#     placed in the first 4GB address space. The Java Heap base address is the
#     maximum limit for the native heap growth. Please use -XX:HeapBaseMinAddress
#     to set the Java Heap base and to place the Java Heap above 4GB virtual address.
# This output file may be truncated or incomplete.
#
#  Out of Memory Error (virtualSpaceNode.cpp:112), pid=10588, tid=4292
#
# JRE version: Java(TM) SE Runtime Environment (21.0.8+12) (build 21.0.8+12-LTS-250)
# Java VM: Java HotSpot(TM) 64-Bit Server VM (21.0.8+12-LTS-250, mixed mode, emulated-client, sharing, tiered, compressed oops, compressed class ptrs, g1 gc, windows-amd64)
# No core dump will be written. Minidumps are not enabled by default on client versions of Windows
#

---------------  S U M M A R Y ------------

Command Line: -XX:TieredStopAtLevel=1 -Dspring.output.ansi.enabled=always -Dcom.sun.management.jmxremote -Dspring.jmx.enabled=true -Dspring.liveBeansView.mbeanDomain -Dspring.application.admin.enabled=true -Dmanagement.endpoints.jmx.exposure.include=* -javaagent:D:\Download_Intellij\IntelliJ IDEA 2025.2.2\lib\idea_rt.jar=58278 -Dfile.encoding=UTF-8 -Dsun.stdout.encoding=UTF-8 -Dsun.stderr.encoding=UTF-8 com.example.bookshop_.BookshopApplication

Host: Intel(R) Core(TM) i5-8350U CPU @ 1.70GHz, 8 cores, 7G,  Windows 11 , 64 bit Build 26100 (10.0.26100.6725)
Time: Sun Nov  9 08:38:23 2025 SE Asia Standard Time elapsed time: 2.825870 seconds (0d 0h 0m 2s)

---------------  T H R E A D  ---------------

Current thread (0x00000158df0a8b00):  JavaThread "background-preinit"        [_thread_in_vm, id=4292, stack(0x0000000102900000,0x0000000102a00000) (1024K)]

Stack: [0x0000000102900000,0x0000000102a00000]
Native frames: (J=compiled Java code, j=interpreted, Vv=VM code, C=native code)
V  [jvm.dll+0x6cc179]
V  [jvm.dll+0x8584c1]
V  [jvm.dll+0x85a9ee]
V  [jvm.dll+0x85b0c3]
V  [jvm.dll+0x27ebf6]
V  [jvm.dll+0x8540de]
V  [jvm.dll+0x66fdb5]
V  [jvm.dll+0x1e4c4c]
V  [jvm.dll+0x1e4a1e]
V  [jvm.dll+0x6726e3]
V  [jvm.dll+0x672502]
V  [jvm.dll+0x67078e]
V  [jvm.dll+0x27ba76]
V  [jvm.dll+0x721b55]
V  [jvm.dll+0x72269f]
V  [jvm.dll+0x3c39e8]
V  [jvm.dll+0x3c2ac6]
V  [jvm.dll+0x3c2a68]
V  [jvm.dll+0x3d45da]
C  0x00000158d1278c94

The last pc belongs to new (printed below).
Java frames: (J=compiled Java code, j=interpreted, Vv=VM code)
j  com.fasterxml.jackson.databind.ser.std.StdJdkSerializers.all()Ljava/util/Collection;+59
j  com.fasterxml.jackson.databind.ser.BasicSerializerFactory.<clinit>()V+192
v  ~StubRoutines::call_stub 0x00000158d126100d
j  com.fasterxml.jackson.databind.ObjectMapper.<init>(Lcom/fasterxml/jackson/core/JsonFactory;Lcom/fasterxml/jackson/databind/ser/DefaultSerializerProvider;Lcom/fasterxml/jackson/databind/deser/DefaultDeserializationContext;)V+274
j  com.fasterxml.jackson.databind.ObjectMapper.<init>()V+4
j  org.springframework.http.converter.json.Jackson2ObjectMapperBuilder.build()Lcom/fasterxml/jackson/databind/ObjectMapper;+81
j  org.springframework.http.converter.json.MappingJackson2HttpMessageConverter.<init>()V+4
j  org.springframework.http.converter.support.AllEncompassingFormHttpMessageConverter.<init>()V+55
j  org.springframework.boot.autoconfigure.BackgroundPreinitializer$MessageConverterInitializer.run()V+4
j  org.springframework.boot.autoconfigure.BackgroundPreinitializer$1.runSafely(Ljava/lang/Runnable;)Z+1
j  org.springframework.boot.autoconfigure.BackgroundPreinitializer$1.run()V+32
j  java.lang.Thread.runWith(Ljava/lang/Object;Ljava/lang/Runnable;)V+5 java.base@21.0.8
j  java.lang.Thread.run()V+19 java.base@21.0.8
v  ~StubRoutines::call_stub 0x00000158d126100d
new  187 new  [0x00000158d1278b00, 0x00000158d1278d08]  520 bytes
[MachCode]
  0x00000158d1278b00: 4883 ec08 | c5fa 1104 | 24eb 1f48 | 83ec 10c5 | fb11 0424 | eb14 4883 | ec10 4889 | 0424 48c7 
  0x00000158d1278b20: 4424 0800 | 0000 00eb | 0150 410f | b755 010f | cac1 ea10 | 488b 4de8 | 488b 4908 | 488b 4908 
  0x00000158d1278b40: 488b 4108 | 807c 1004 | 070f 85d3 | 0000 0066 | 8b54 d148 | 488b 4928 | 488b 4cd1 | 0851 80b9 
  0x00000158d1278b60: 2101 0000 | 040f 85b6 | 0000 008b | 5108 f6c2 | 010f 85aa | 0000 0049 | 8b87 b801 | 0000 488d 
  0x00000158d1278b80: 1c10 493b | 9fc8 0100 | 000f 8792 | 0000 0049 | 899f b801 | 0000 4883 | ea10 0f84 | 0f00 0000 
  0x00000158d1278ba0: 33c9 c1ea | 0348 894c | d008 48ff | ca75 f648 | c700 0100 | 0000 5933 | f689 700c | 49ba 0000 
  0x00000158d1278bc0: 0080 5801 | 0000 492b | ca89 4808 | 49ba 2188 | 1523 fe7f | 0000 4180 | 3a00 0f84 | 3c00 0000 
  0x00000158d1278be0: 5048 8bc8 | 4883 ec20 | 40f6 c40f | 0f84 1900 | 0000 4883 | ec08 48b8 | c020 c622 | fe7f 0000 
  0x00000158d1278c00: ffd0 4883 | c408 e90c | 0000 0048 | b8c0 20c6 | 22fe 7f00 | 00ff d048 | 83c4 2058 | e9cb 0000 
  0x00000158d1278c20: 0059 488b | 55e8 488b | 5208 488b | 5208 450f | b745 0141 | 0fc8 41c1 | e810 e805 | 0000 00e9 
  0x00000158d1278c40: a800 0000 | 488d 4424 | 084c 896d | c049 8bcf | c5f8 7749 | 89af a803 | 0000 4989 | 8798 0300 
  0x00000158d1278c60: 0048 83ec | 2040 f6c4 | 0f0f 8419 | 0000 0048 | 83ec 0848 | b850 4590 | 22fe 7f00 | 00ff d048 
  0x00000158d1278c80: 83c4 08e9 | 0c00 0000 | 48b8 5045 | 9022 fe7f | 0000 ffd0 | 4883 c420 | 49c7 8798 | 0300 0000 
  0x00000158d1278ca0: 0000 0049 | c787 a803 | 0000 0000 | 0000 49c7 | 87a0 0300 | 0000 0000 | 00c5 f877 | 4983 7f08 
  0x00000158d1278cc0: 000f 8405 | 0000 00e9 | 3482 feff | 498b 87f0 | 0300 0049 | c787 f003 | 0000 0000 | 0000 4c8b 
  0x00000158d1278ce0: 6dc0 4c8b | 75c8 4e8d | 74f5 00c3 | 410f b65d | 0349 83c5 | 0349 bad0 | 4b18 23fe | 7f00 0041 
  0x00000158d1278d00: ff24 da0f | 1f44 0000 
[/MachCode]

---------------  P R O C E S S  ---------------

Threads class SMR info:
_java_thread_list=0x00000158de0dac40, length=22, elements={
0x00000158c727e090, 0x00000158d963bce0, 0x00000158d963ec40, 0x00000158d96401c0,
0x00000158d96414e0, 0x00000158d9644940, 0x00000158d9647f30, 0x00000158de010090,
0x00000158d96089e0, 0x00000158de0ef1a0, 0x00000158de4eebe0, 0x00000158de4ef640,
0x00000158de0ee400, 0x00000158de0eead0, 0x00000158de7ed8a0, 0x00000158de825af0,
0x00000158de884e60, 0x00000158de8ad090, 0x00000158deb8df20, 0x00000158debc8880,
0x00000158df1a2220, 0x00000158df0a8b00
}

Java Threads: ( => current thread )
  0x00000158c727e090 JavaThread "main"                              [_thread_blocked, id=1196, stack(0x0000000100600000,0x0000000100700000) (1024K)]
  0x00000158d963bce0 JavaThread "Reference Handler"          daemon [_thread_blocked, id=5068, stack(0x0000000100e00000,0x0000000100f00000) (1024K)]
  0x00000158d963ec40 JavaThread "Finalizer"                  daemon [_thread_blocked, id=24068, stack(0x0000000100f00000,0x0000000101000000) (1024K)]
  0x00000158d96401c0 JavaThread "Signal Dispatcher"          daemon [_thread_blocked, id=3084, stack(0x0000000101000000,0x0000000101100000) (1024K)]
  0x00000158d96414e0 JavaThread "Attach Listener"            daemon [_thread_blocked, id=11824, stack(0x0000000101100000,0x0000000101200000) (1024K)]
  0x00000158d9644940 JavaThread "Service Thread"             daemon [_thread_blocked, id=14736, stack(0x0000000101200000,0x0000000101300000) (1024K)]
  0x00000158d9647f30 JavaThread "Monitor Deflation Thread"   daemon [_thread_blocked, id=16812, stack(0x0000000101300000,0x0000000101400000) (1024K)]
  0x00000158de010090 JavaThread "C1 CompilerThread0"         daemon [_thread_blocked, id=17720, stack(0x0000000101400000,0x0000000101500000) (1024K)]
  0x00000158d96089e0 JavaThread "Common-Cleaner"             daemon [_thread_blocked, id=3876, stack(0x0000000101500000,0x0000000101600000) (1024K)]
  0x00000158de0ef1a0 JavaThread "C1 CompilerThread1"         daemon [_thread_blocked, id=24112, stack(0x0000000101600000,0x0000000101700000) (1024K)]
  0x00000158de4eebe0 JavaThread "Monitor Ctrl-Break"         daemon [_thread_in_native, id=22320, stack(0x0000000101700000,0x0000000101800000) (1024K)]
  0x00000158de4ef640 JavaThread "Notification Thread"        daemon [_thread_blocked, id=17424, stack(0x0000000101800000,0x0000000101900000) (1024K)]
  0x00000158de0ee400 JavaThread "C1 CompilerThread2"         daemon [_thread_blocked, id=25684, stack(0x0000000101900000,0x0000000101a00000) (1024K)]
  0x00000158de0eead0 JavaThread "C1 CompilerThread3"         daemon [_thread_blocked, id=19028, stack(0x0000000101a00000,0x0000000101b00000) (1024K)]
  0x00000158de7ed8a0 JavaThread "RMI TCP Accept-0"           daemon [_thread_in_native, id=24772, stack(0x0000000101b00000,0x0000000101c00000) (1024K)]
  0x00000158de825af0 JavaThread "RMI TCP Connection(1)-192.168.33.104" daemon [_thread_in_native, id=19376, stack(0x0000000101c00000,0x0000000101d00000) (1024K)]
  0x00000158de884e60 JavaThread "RMI Scheduler(0)"           daemon [_thread_blocked, id=19104, stack(0x0000000101d00000,0x0000000101e00000) (1024K)]
  0x00000158de8ad090 JavaThread "JMX server connection timeout 26" daemon [_thread_blocked, id=27584, stack(0x0000000101e00000,0x0000000101f00000) (1024K)]
  0x00000158deb8df20 JavaThread "Thread-0"                          [_thread_blocked, id=24304, stack(0x0000000102600000,0x0000000102700000) (1024K)]
  0x00000158debc8880 JavaThread "restartedMain"                     [_thread_in_vm, id=3396, stack(0x0000000102700000,0x0000000102800000) (1024K)]
  0x00000158df1a2220 JavaThread "RMI TCP Connection(2)-192.168.33.104" daemon [_thread_in_native, id=21316, stack(0x0000000102800000,0x0000000102900000) (1024K)]
=>0x00000158df0a8b00 JavaThread "background-preinit"                [_thread_in_vm, id=4292, stack(0x0000000102900000,0x0000000102a00000) (1024K)]
Total: 22

Other Threads:
  0x00000158d9617ce0 VMThread "VM Thread"                           [id=18088, stack(0x0000000100d00000,0x0000000100e00000) (1024K)]
  0x00000158d9607ae0 WatcherThread "VM Periodic Task Thread"        [id=6804, stack(0x0000000100c00000,0x0000000100d00000) (1024K)]
  0x00000158c8d89950 WorkerThread "GC Thread#0"                     [id=17540, stack(0x0000000100700000,0x0000000100800000) (1024K)]
  0x00000158de96c320 WorkerThread "GC Thread#1"                     [id=26824, stack(0x0000000101f00000,0x0000000102000000) (1024K)]
  0x00000158de95f7f0 WorkerThread "GC Thread#2"                     [id=7320, stack(0x0000000102000000,0x0000000102100000) (1024K)]
  0x00000158de95e900 WorkerThread "GC Thread#3"                     [id=5208, stack(0x0000000102100000,0x0000000102200000) (1024K)]
  0x00000158de9f1780 WorkerThread "GC Thread#4"                     [id=340, stack(0x0000000102200000,0x0000000102300000) (1024K)]
  0x00000158de9fddc0 WorkerThread "GC Thread#5"                     [id=10636, stack(0x0000000102300000,0x0000000102400000) (1024K)]
  0x00000158de9fe160 WorkerThread "GC Thread#6"                     [id=17632, stack(0x0000000102400000,0x0000000102500000) (1024K)]
  0x00000158de9f1130 WorkerThread "GC Thread#7"                     [id=12048, stack(0x0000000102500000,0x0000000102600000) (1024K)]
  0x00000158c8dd8f80 ConcurrentGCThread "G1 Main Marker"            [id=24188, stack(0x0000000100800000,0x0000000100900000) (1024K)]
  0x00000158c8ddafe0 WorkerThread "G1 Conc#0"                       [id=23892, stack(0x0000000100900000,0x0000000100a00000) (1024K)]
  0x00000158d94da560 ConcurrentGCThread "G1 Refine#0"               [id=26164, stack(0x0000000100a00000,0x0000000100b00000) (1024K)]
  0x00000158d94dae80 ConcurrentGCThread "G1 Service"                [id=20432, stack(0x0000000100b00000,0x0000000100c00000) (1024K)]
Total: 14

Threads with active compile tasks:
Total: 0

VM state: not at safepoint (normal execution)

VM Mutex/Monitor currently owned by a thread:  ([mutex/lock_event])
[0x00007ffe2316ee50] Metaspace_lock - owner thread: 0x00000158df0a8b00

Heap address: 0x0000000082200000, size: 2014 MB, Compressed Oops mode: 32-bit

CDS archive(s) mapped at: [0x0000015880000000-0x0000015880c90000-0x0000015880c90000), size 13172736, SharedBaseAddress: 0x0000015880000000, ArchiveRelocationMode: 1.
Compressed class space mapped at: 0x0000015881000000-0x00000158c1000000, reserved size: 1073741824
Narrow klass base: 0x0000015880000000, Narrow klass shift: 0, Narrow klass range: 0x100000000

GC Precious Log:
 CardTable entry size: 512
 Card Set container configuration: InlinePtr #cards 5 size 8 Array Of Cards #cards 12 size 40 Howl #buckets 4 coarsen threshold 1843 Howl Bitmap #cards 512 size 80 coarsen threshold 460 Card regions per heap region 1 cards per card region 2048
 CPUs: 8 total, 8 available
 Memory: 8050M
 Large Page Support: Disabled
 NUMA Support: Disabled
 Compressed Oops: Enabled (32-bit)
 Heap Region Size: 1M
 Heap Min Capacity: 8M
 Heap Initial Capacity: 126M
 Heap Max Capacity: 2014M
 Pre-touch: Disabled
 Parallel Workers: 8
 Concurrent Workers: 2
 Concurrent Refinement Workers: 8
 Periodic GC: Disabled

Heap:
 garbage-first heap   total 129024K, used 36455K [0x0000000082200000, 0x0000000100000000)
  region size 1024K, 30 young (30720K), 3 survivors (3072K)
 Metaspace       used 18756K, committed 19200K, reserved 1114112K
  class space    used 2452K, committed 2688K, reserved 1048576K

Heap Regions: E=young(eden), S=young(survivor), O=old, HS=humongous(starts), HC=humongous(continues), CS=collection set, F=free, TAMS=top-at-mark-start, PB=parsable bottom
|   0|0x0000000082200000, 0x0000000082300000, 0x0000000082300000|100%|HS|  |TAMS 0x0000000082200000| PB 0x0000000082200000| Complete 
|   1|0x0000000082300000, 0x0000000082400000, 0x0000000082400000|100%|HS|  |TAMS 0x0000000082300000| PB 0x0000000082300000| Complete 
|   2|0x0000000082400000, 0x0000000082500000, 0x0000000082500000|100%| O|  |TAMS 0x0000000082400000| PB 0x0000000082400000| Untracked 
|   3|0x0000000082500000, 0x0000000082600000, 0x0000000082600000|100%| O|  |TAMS 0x0000000082500000| PB 0x0000000082500000| Untracked 
|   4|0x0000000082600000, 0x0000000082700000, 0x0000000082700000|100%| O|  |TAMS 0x0000000082600000| PB 0x0000000082600000| Untracked 
|   5|0x0000000082700000, 0x0000000082800000, 0x0000000082800000|100%| O|  |TAMS 0x0000000082700000| PB 0x0000000082700000| Untracked 
|   6|0x0000000082800000, 0x0000000082900000, 0x0000000082900000|100%| O|  |TAMS 0x0000000082800000| PB 0x0000000082800000| Untracked 
|   7|0x0000000082900000, 0x0000000082a00000, 0x0000000082a00000|100%| O|  |TAMS 0x0000000082900000| PB 0x0000000082900000| Untracked 
|   8|0x0000000082a00000, 0x0000000082a688d0, 0x0000000082b00000| 40%| O|  |TAMS 0x0000000082a00000| PB 0x0000000082a00000| Untracked 
|   9|0x0000000082b00000, 0x0000000082b00000, 0x0000000082c00000|  0%| F|  |TAMS 0x0000000082b00000| PB 0x0000000082b00000| Untracked 
|  10|0x0000000082c00000, 0x0000000082c00000, 0x0000000082d00000|  0%| F|  |TAMS 0x0000000082c00000| PB 0x0000000082c00000| Untracked 
|  11|0x0000000082d00000, 0x0000000082d00000, 0x0000000082e00000|  0%| F|  |TAMS 0x0000000082d00000| PB 0x0000000082d00000| Untracked 
|  12|0x0000000082e00000, 0x0000000082e00000, 0x0000000082f00000|  0%| F|  |TAMS 0x0000000082e00000| PB 0x0000000082e00000| Untracked 
|  13|0x0000000082f00000, 0x0000000082f00000, 0x0000000083000000|  0%| F|  |TAMS 0x0000000082f00000| PB 0x0000000082f00000| Untracked 
|  14|0x0000000083000000, 0x0000000083000000, 0x0000000083100000|  0%| F|  |TAMS 0x0000000083000000| PB 0x0000000083000000| Untracked 
|  15|0x0000000083100000, 0x0000000083100000, 0x0000000083200000|  0%| F|  |TAMS 0x0000000083100000| PB 0x0000000083100000| Untracked 
|  16|0x0000000083200000, 0x0000000083200000, 0x0000000083300000|  0%| F|  |TAMS 0x0000000083200000| PB 0x0000000083200000| Untracked 
|  17|0x0000000083300000, 0x0000000083300000, 0x0000000083400000|  0%| F|  |TAMS 0x0000000083300000| PB 0x0000000083300000| Untracked 
|  18|0x0000000083400000, 0x0000000083400000, 0x0000000083500000|  0%| F|  |TAMS 0x0000000083400000| PB 0x0000000083400000| Untracked 
|  19|0x0000000083500000, 0x0000000083500000, 0x0000000083600000|  0%| F|  |TAMS 0x0000000083500000| PB 0x0000000083500000| Untracked 
|  20|0x0000000083600000, 0x0000000083600000, 0x0000000083700000|  0%| F|  |TAMS 0x0000000083600000| PB 0x0000000083600000| Untracked 
|  21|0x0000000083700000, 0x0000000083700000, 0x0000000083800000|  0%| F|  |TAMS 0x0000000083700000| PB 0x0000000083700000| Untracked 
|  22|0x0000000083800000, 0x0000000083800000, 0x0000000083900000|  0%| F|  |TAMS 0x0000000083800000| PB 0x0000000083800000| Untracked 
|  23|0x0000000083900000, 0x0000000083900000, 0x0000000083a00000|  0%| F|  |TAMS 0x0000000083900000| PB 0x0000000083900000| Untracked 
|  24|0x0000000083a00000, 0x0000000083a00000, 0x0000000083b00000|  0%| F|  |TAMS 0x0000000083a00000| PB 0x0000000083a00000| Untracked 
|  25|0x0000000083b00000, 0x0000000083b00000, 0x0000000083c00000|  0%| F|  |TAMS 0x0000000083b00000| PB 0x0000000083b00000| Untracked 
|  26|0x0000000083c00000, 0x0000000083c00000, 0x0000000083d00000|  0%| F|  |TAMS 0x0000000083c00000| PB 0x0000000083c00000| Untracked 
|  27|0x0000000083d00000, 0x0000000083d00000, 0x0000000083e00000|  0%| F|  |TAMS 0x0000000083d00000| PB 0x0000000083d00000| Untracked 
|  28|0x0000000083e00000, 0x0000000083e00000, 0x0000000083f00000|  0%| F|  |TAMS 0x0000000083e00000| PB 0x0000000083e00000| Untracked 
|  29|0x0000000083f00000, 0x0000000083f00000, 0x0000000084000000|  0%| F|  |TAMS 0x0000000083f00000| PB 0x0000000083f00000| Untracked 
|  30|0x0000000084000000, 0x0000000084000000, 0x0000000084100000|  0%| F|  |TAMS 0x0000000084000000| PB 0x0000000084000000| Untracked 
|  31|0x0000000084100000, 0x0000000084100000, 0x0000000084200000|  0%| F|  |TAMS 0x0000000084100000| PB 0x0000000084100000| Untracked 
|  32|0x0000000084200000, 0x0000000084200000, 0x0000000084300000|  0%| F|  |TAMS 0x0000000084200000| PB 0x0000000084200000| Untracked 
|  33|0x0000000084300000, 0x0000000084300000, 0x0000000084400000|  0%| F|  |TAMS 0x0000000084300000| PB 0x0000000084300000| Untracked 
|  34|0x0000000084400000, 0x0000000084400000, 0x0000000084500000|  0%| F|  |TAMS 0x0000000084400000| PB 0x0000000084400000| Untracked 
|  35|0x0000000084500000, 0x0000000084500000, 0x0000000084600000|  0%| F|  |TAMS 0x0000000084500000| PB 0x0000000084500000| Untracked 
|  36|0x0000000084600000, 0x0000000084600000, 0x0000000084700000|  0%| F|  |TAMS 0x0000000084600000| PB 0x0000000084600000| Untracked 
|  37|0x0000000084700000, 0x0000000084700000, 0x0000000084800000|  0%| F|  |TAMS 0x0000000084700000| PB 0x0000000084700000| Untracked 
|  38|0x0000000084800000, 0x0000000084800000, 0x0000000084900000|  0%| F|  |TAMS 0x0000000084800000| PB 0x0000000084800000| Untracked 
|  39|0x0000000084900000, 0x0000000084900000, 0x0000000084a00000|  0%| F|  |TAMS 0x0000000084900000| PB 0x0000000084900000| Untracked 
|  40|0x0000000084a00000, 0x0000000084a00000, 0x0000000084b00000|  0%| F|  |TAMS 0x0000000084a00000| PB 0x0000000084a00000| Untracked 
|  41|0x0000000084b00000, 0x0000000084b00000, 0x0000000084c00000|  0%| F|  |TAMS 0x0000000084b00000| PB 0x0000000084b00000| Untracked 
|  42|0x0000000084c00000, 0x0000000084c00000, 0x0000000084d00000|  0%| F|  |TAMS 0x0000000084c00000| PB 0x0000000084c00000| Untracked 
|  43|0x0000000084d00000, 0x0000000084d00000, 0x0000000084e00000|  0%| F|  |TAMS 0x0000000084d00000| PB 0x0000000084d00000| Untracked 
|  44|0x0000000084e00000, 0x0000000084e00000, 0x0000000084f00000|  0%| F|  |TAMS 0x0000000084e00000| PB 0x0000000084e00000| Untracked 
|  45|0x0000000084f00000, 0x0000000084f00000, 0x0000000085000000|  0%| F|  |TAMS 0x0000000084f00000| PB 0x0000000084f00000| Untracked 
|  46|0x0000000085000000, 0x0000000085000000, 0x0000000085100000|  0%| F|  |TAMS 0x0000000085000000| PB 0x0000000085000000| Untracked 
|  47|0x0000000085100000, 0x0000000085100000, 0x0000000085200000|  0%| F|  |TAMS 0x0000000085100000| PB 0x0000000085100000| Untracked 
|  48|0x0000000085200000, 0x0000000085200000, 0x0000000085300000|  0%| F|  |TAMS 0x0000000085200000| PB 0x0000000085200000| Untracked 
|  49|0x0000000085300000, 0x0000000085300000, 0x0000000085400000|  0%| F|  |TAMS 0x0000000085300000| PB 0x0000000085300000| Untracked 
|  50|0x0000000085400000, 0x0000000085400000, 0x0000000085500000|  0%| F|  |TAMS 0x0000000085400000| PB 0x0000000085400000| Untracked 
|  51|0x0000000085500000, 0x0000000085500000, 0x0000000085600000|  0%| F|  |TAMS 0x0000000085500000| PB 0x0000000085500000| Untracked 
|  52|0x0000000085600000, 0x0000000085600000, 0x0000000085700000|  0%| F|  |TAMS 0x0000000085600000| PB 0x0000000085600000| Untracked 
|  53|0x0000000085700000, 0x0000000085700000, 0x0000000085800000|  0%| F|  |TAMS 0x0000000085700000| PB 0x0000000085700000| Untracked 
|  54|0x0000000085800000, 0x0000000085800000, 0x0000000085900000|  0%| F|  |TAMS 0x0000000085800000| PB 0x0000000085800000| Untracked 
|  55|0x0000000085900000, 0x0000000085900000, 0x0000000085a00000|  0%| F|  |TAMS 0x0000000085900000| PB 0x0000000085900000| Untracked 
|  56|0x0000000085a00000, 0x0000000085a00000, 0x0000000085b00000|  0%| F|  |TAMS 0x0000000085a00000| PB 0x0000000085a00000| Untracked 
|  57|0x0000000085b00000, 0x0000000085b00000, 0x0000000085c00000|  0%| F|  |TAMS 0x0000000085b00000| PB 0x0000000085b00000| Untracked 
|  58|0x0000000085c00000, 0x0000000085c00000, 0x0000000085d00000|  0%| F|  |TAMS 0x0000000085c00000| PB 0x0000000085c00000| Untracked 
|  59|0x0000000085d00000, 0x0000000085d00000, 0x0000000085e00000|  0%| F|  |TAMS 0x0000000085d00000| PB 0x0000000085d00000| Untracked 
|  60|0x0000000085e00000, 0x0000000085e00000, 0x0000000085f00000|  0%| F|  |TAMS 0x0000000085e00000| PB 0x0000000085e00000| Untracked 
|  61|0x0000000085f00000, 0x0000000085f00000, 0x0000000086000000|  0%| F|  |TAMS 0x0000000085f00000| PB 0x0000000085f00000| Untracked 
|  62|0x0000000086000000, 0x0000000086000000, 0x0000000086100000|  0%| F|  |TAMS 0x0000000086000000| PB 0x0000000086000000| Untracked 
|  63|0x0000000086100000, 0x0000000086100000, 0x0000000086200000|  0%| F|  |TAMS 0x0000000086100000| PB 0x0000000086100000| Untracked 
|  64|0x0000000086200000, 0x0000000086200000, 0x0000000086300000|  0%| F|  |TAMS 0x0000000086200000| PB 0x0000000086200000| Untracked 
|  65|0x0000000086300000, 0x0000000086300000, 0x0000000086400000|  0%| F|  |TAMS 0x0000000086300000| PB 0x0000000086300000| Untracked 
|  66|0x0000000086400000, 0x0000000086400000, 0x0000000086500000|  0%| F|  |TAMS 0x0000000086400000| PB 0x0000000086400000| Untracked 
|  67|0x0000000086500000, 0x0000000086500000, 0x0000000086600000|  0%| F|  |TAMS 0x0000000086500000| PB 0x0000000086500000| Untracked 
|  68|0x0000000086600000, 0x0000000086600000, 0x0000000086700000|  0%| F|  |TAMS 0x0000000086600000| PB 0x0000000086600000| Untracked 
|  69|0x0000000086700000, 0x0000000086700000, 0x0000000086800000|  0%| F|  |TAMS 0x0000000086700000| PB 0x0000000086700000| Untracked 
|  70|0x0000000086800000, 0x0000000086800000, 0x0000000086900000|  0%| F|  |TAMS 0x0000000086800000| PB 0x0000000086800000| Untracked 
|  71|0x0000000086900000, 0x0000000086900000, 0x0000000086a00000|  0%| F|  |TAMS 0x0000000086900000| PB 0x0000000086900000| Untracked 
|  72|0x0000000086a00000, 0x0000000086a00000, 0x0000000086b00000|  0%| F|  |TAMS 0x0000000086a00000| PB 0x0000000086a00000| Untracked 
|  73|0x0000000086b00000, 0x0000000086b00000, 0x0000000086c00000|  0%| F|  |TAMS 0x0000000086b00000| PB 0x0000000086b00000| Untracked 
|  74|0x0000000086c00000, 0x0000000086c00000, 0x0000000086d00000|  0%| F|  |TAMS 0x0000000086c00000| PB 0x0000000086c00000| Untracked 
|  75|0x0000000086d00000, 0x0000000086d00000, 0x0000000086e00000|  0%| F|  |TAMS 0x0000000086d00000| PB 0x0000000086d00000| Untracked 
|  76|0x0000000086e00000, 0x0000000086e00000, 0x0000000086f00000|  0%| F|  |TAMS 0x0000000086e00000| PB 0x0000000086e00000| Untracked 
|  77|0x0000000086f00000, 0x0000000086f00000, 0x0000000087000000|  0%| F|  |TAMS 0x0000000086f00000| PB 0x0000000086f00000| Untracked 
|  78|0x0000000087000000, 0x0000000087000000, 0x0000000087100000|  0%| F|  |TAMS 0x0000000087000000| PB 0x0000000087000000| Untracked 
|  79|0x0000000087100000, 0x0000000087100000, 0x0000000087200000|  0%| F|  |TAMS 0x0000000087100000| PB 0x0000000087100000| Untracked 
|  80|0x0000000087200000, 0x0000000087200000, 0x0000000087300000|  0%| F|  |TAMS 0x0000000087200000| PB 0x0000000087200000| Untracked 
|  81|0x0000000087300000, 0x0000000087300000, 0x0000000087400000|  0%| F|  |TAMS 0x0000000087300000| PB 0x0000000087300000| Untracked 
|  82|0x0000000087400000, 0x0000000087400000, 0x0000000087500000|  0%| F|  |TAMS 0x0000000087400000| PB 0x0000000087400000| Untracked 
|  83|0x0000000087500000, 0x0000000087500000, 0x0000000087600000|  0%| F|  |TAMS 0x0000000087500000| PB 0x0000000087500000| Untracked 
|  84|0x0000000087600000, 0x0000000087600000, 0x0000000087700000|  0%| F|  |TAMS 0x0000000087600000| PB 0x0000000087600000| Untracked 
|  85|0x0000000087700000, 0x0000000087700000, 0x0000000087800000|  0%| F|  |TAMS 0x0000000087700000| PB 0x0000000087700000| Untracked 
|  86|0x0000000087800000, 0x0000000087800000, 0x0000000087900000|  0%| F|  |TAMS 0x0000000087800000| PB 0x0000000087800000| Untracked 
|  87|0x0000000087900000, 0x0000000087900000, 0x0000000087a00000|  0%| F|  |TAMS 0x0000000087900000| PB 0x0000000087900000| Untracked 
|  88|0x0000000087a00000, 0x0000000087a00000, 0x0000000087b00000|  0%| F|  |TAMS 0x0000000087a00000| PB 0x0000000087a00000| Untracked 
|  89|0x0000000087b00000, 0x0000000087b00000, 0x0000000087c00000|  0%| F|  |TAMS 0x0000000087b00000| PB 0x0000000087b00000| Untracked 
|  90|0x0000000087c00000, 0x0000000087c00000, 0x0000000087d00000|  0%| F|  |TAMS 0x0000000087c00000| PB 0x0000000087c00000| Untracked 
|  91|0x0000000087d00000, 0x0000000087d00000, 0x0000000087e00000|  0%| F|  |TAMS 0x0000000087d00000| PB 0x0000000087d00000| Untracked 
|  92|0x0000000087e00000, 0x0000000087e00000, 0x0000000087f00000|  0%| F|  |TAMS 0x0000000087e00000| PB 0x0000000087e00000| Untracked 
|  93|0x0000000087f00000, 0x0000000087f316a0, 0x0000000088000000| 19%| S|CS|TAMS 0x0000000087f00000| PB 0x0000000087f00000| Complete 
|  94|0x0000000088000000, 0x0000000088100000, 0x0000000088100000|100%| S|CS|TAMS 0x0000000088000000| PB 0x0000000088000000| Complete 
|  95|0x0000000088100000, 0x0000000088200000, 0x0000000088200000|100%| S|CS|TAMS 0x0000000088100000| PB 0x0000000088100000| Complete 
|  96|0x0000000088200000, 0x0000000088200000, 0x0000000088300000|  0%| F|  |TAMS 0x0000000088200000| PB 0x0000000088200000| Untracked 
|  97|0x0000000088300000, 0x0000000088300000, 0x0000000088400000|  0%| F|  |TAMS 0x0000000088300000| PB 0x0000000088300000| Untracked 
|  98|0x0000000088400000, 0x0000000088400000, 0x0000000088500000|  0%| F|  |TAMS 0x0000000088400000| PB 0x0000000088400000| Untracked 
|  99|0x0000000088500000, 0x0000000088593440, 0x0000000088600000| 57%| E|  |TAMS 0x0000000088500000| PB 0x0000000088500000| Complete 
| 100|0x0000000088600000, 0x0000000088700000, 0x0000000088700000|100%| E|CS|TAMS 0x0000000088600000| PB 0x0000000088600000| Complete 
| 101|0x0000000088700000, 0x0000000088800000, 0x0000000088800000|100%| E|CS|TAMS 0x0000000088700000| PB 0x0000000088700000| Complete 
| 102|0x0000000088800000, 0x0000000088900000, 0x0000000088900000|100%| E|CS|TAMS 0x0000000088800000| PB 0x0000000088800000| Complete 
| 103|0x0000000088900000, 0x0000000088a00000, 0x0000000088a00000|100%| E|CS|TAMS 0x0000000088900000| PB 0x0000000088900000| Complete 
| 104|0x0000000088a00000, 0x0000000088b00000, 0x0000000088b00000|100%| E|  |TAMS 0x0000000088a00000| PB 0x0000000088a00000| Complete 
| 105|0x0000000088b00000, 0x0000000088c00000, 0x0000000088c00000|100%| E|CS|TAMS 0x0000000088b00000| PB 0x0000000088b00000| Complete 
| 106|0x0000000088c00000, 0x0000000088d00000, 0x0000000088d00000|100%| E|CS|TAMS 0x0000000088c00000| PB 0x0000000088c00000| Complete 
| 107|0x0000000088d00000, 0x0000000088e00000, 0x0000000088e00000|100%| E|CS|TAMS 0x0000000088d00000| PB 0x0000000088d00000| Complete 
| 108|0x0000000088e00000, 0x0000000088f00000, 0x0000000088f00000|100%| E|CS|TAMS 0x0000000088e00000| PB 0x0000000088e00000| Complete 
| 109|0x0000000088f00000, 0x0000000089000000, 0x0000000089000000|100%| E|CS|TAMS 0x0000000088f00000| PB 0x0000000088f00000| Complete 
| 110|0x0000000089000000, 0x0000000089100000, 0x0000000089100000|100%| E|CS|TAMS 0x0000000089000000| PB 0x0000000089000000| Complete 
| 111|0x0000000089100000, 0x0000000089200000, 0x0000000089200000|100%| E|CS|TAMS 0x0000000089100000| PB 0x0000000089100000| Complete 
| 112|0x0000000089200000, 0x0000000089300000, 0x0000000089300000|100%| E|CS|TAMS 0x0000000089200000| PB 0x0000000089200000| Complete 
| 113|0x0000000089300000, 0x0000000089400000, 0x0000000089400000|100%| E|CS|TAMS 0x0000000089300000| PB 0x0000000089300000| Complete 
| 114|0x0000000089400000, 0x0000000089500000, 0x0000000089500000|100%| E|CS|TAMS 0x0000000089400000| PB 0x0000000089400000| Complete 
| 115|0x0000000089500000, 0x0000000089600000, 0x0000000089600000|100%| E|CS|TAMS 0x0000000089500000| PB 0x0000000089500000| Complete 
| 116|0x0000000089600000, 0x0000000089700000, 0x0000000089700000|100%| E|CS|TAMS 0x0000000089600000| PB 0x0000000089600000| Complete 
| 117|0x0000000089700000, 0x0000000089800000, 0x0000000089800000|100%| E|CS|TAMS 0x0000000089700000| PB 0x0000000089700000| Complete 
| 118|0x0000000089800000, 0x0000000089900000, 0x0000000089900000|100%| E|CS|TAMS 0x0000000089800000| PB 0x0000000089800000| Complete 
| 119|0x0000000089900000, 0x0000000089a00000, 0x0000000089a00000|100%| E|CS|TAMS 0x0000000089900000| PB 0x0000000089900000| Complete 
| 120|0x0000000089a00000, 0x0000000089b00000, 0x0000000089b00000|100%| E|CS|TAMS 0x0000000089a00000| PB 0x0000000089a00000| Complete 
| 121|0x0000000089b00000, 0x0000000089c00000, 0x0000000089c00000|100%| E|CS|TAMS 0x0000000089b00000| PB 0x0000000089b00000| Complete 
| 122|0x0000000089c00000, 0x0000000089d00000, 0x0000000089d00000|100%| E|CS|TAMS 0x0000000089c00000| PB 0x0000000089c00000| Complete 
| 123|0x0000000089d00000, 0x0000000089e00000, 0x0000000089e00000|100%| E|CS|TAMS 0x0000000089d00000| PB 0x0000000089d00000| Complete 
| 124|0x0000000089e00000, 0x0000000089f00000, 0x0000000089f00000|100%| E|CS|TAMS 0x0000000089e00000| PB 0x0000000089e00000| Complete 
| 125|0x0000000089f00000, 0x000000008a000000, 0x000000008a000000|100%| E|CS|TAMS 0x0000000089f00000| PB 0x0000000089f00000| Complete 

Card table byte_map: [0x00000158d4ed0000,0x00000158d52c0000] _byte_map_base: 0x00000158d4abf000

Marking Bits: (CMBitMap*) 0x00000158c8d89f60
 Bits: [0x00000158d52c0000, 0x00000158d7238000)

Polling page: 0x00000158c7460000

Metaspace:

Usage:
  Non-class:     15.92 MB used.
      Class:      2.40 MB used.
       Both:     18.32 MB used.

Virtual space:
  Non-class space:       64.00 MB reserved,      16.12 MB ( 25%) committed,  1 nodes.
      Class space:        1.00 GB reserved,       2.62 MB ( <1%) committed,  1 nodes.
             Both:        1.06 GB reserved,      18.75 MB (  2%) committed. 

Chunk freelists:
   Non-Class:  15.11 MB
       Class:  13.34 MB
        Both:  28.45 MB

MaxMetaspaceSize: unlimited
CompressedClassSpaceSize: 1.00 GB
Initial GC threshold: 21.00 MB
Current GC threshold: 21.00 MB
CDS: on
 - commit_granule_bytes: 65536.
 - commit_granule_words: 8192.
 - virtual_space_node_default_size: 8388608.
 - enlarge_chunks_in_place: 1.
 - use_allocation_guard: 0.


Internal statistics:

num_allocs_failed_limit: 0.
num_arena_births: 574.
num_arena_deaths: 0.
num_vsnodes_births: 2.
num_vsnodes_deaths: 0.
num_space_committed: 300.
num_space_uncommitted: 0.
num_chunks_returned_to_freelist: 0.
num_chunks_taken_from_freelist: 1145.
num_chunk_merges: 0.
num_chunk_splits: 763.
num_chunks_enlarged: 501.
num_inconsistent_stats: 0.

CodeCache: size=49152Kb used=6883Kb max_used=6883Kb free=42268Kb
 bounds [0x00000158d1260000, 0x00000158d1920000, 0x00000158d4260000]
 total_blobs=3151 nmethods=2623 adapters=448
 compilation: enabled
              stopped_count=0, restarted_count=0
 full_count=0

Compilation events (20 events):
Event: 2.810 Thread 0x00000158de0ee400 2614       1       jdk.internal.misc.Unsafe::copyMemory (33 bytes)
Event: 2.810 Thread 0x00000158de0ef1a0 2615       1       jdk.internal.misc.Unsafe::copyMemoryChecks (21 bytes)
Event: 2.811 Thread 0x00000158de0ee400 nmethod 2614 0x00000158d1914c90 code [0x00000158d1914ec0, 0x00000158d19153d0]
Event: 2.811 Thread 0x00000158de0ef1a0 nmethod 2615 0x00000158d1915790 code [0x00000158d19159a0, 0x00000158d1915e68]
Event: 2.811 Thread 0x00000158de010090 2616       1       java.util.ArrayDeque::poll (5 bytes)
Event: 2.811 Thread 0x00000158de0ef1a0 2617       1       jdk.internal.misc.Unsafe::checkOffset (32 bytes)
Event: 2.811 Thread 0x00000158de010090 nmethod 2616 0x00000158d1916190 code [0x00000158d1916340, 0x00000158d1916428]
Event: 2.811 Thread 0x00000158de0ef1a0 nmethod 2617 0x00000158d1916510 code [0x00000158d19166c0, 0x00000158d1916828]
Event: 2.812 Thread 0x00000158de0eead0 2618       1       java.util.ArrayDeque::add (7 bytes)
Event: 2.812 Thread 0x00000158de0eead0 nmethod 2618 0x00000158d1916910 code [0x00000158d1916ac0, 0x00000158d1916bb0]
Event: 2.814 Thread 0x00000158de0ee400 2619       1       java.util.concurrent.ConcurrentMap::computeIfAbsent (51 bytes)
Event: 2.815 Thread 0x00000158de0ee400 nmethod 2619 0x00000158d1916c90 code [0x00000158d1916e60, 0x00000158d19170d8]
Event: 2.818 Thread 0x00000158de010090 2620       1       java.io.ByteArrayOutputStream::<init> (43 bytes)
Event: 2.818 Thread 0x00000158de0ee400 2621       1       java.nio.Buffer::<init> (105 bytes)
Event: 2.818 Thread 0x00000158de010090 nmethod 2620 0x00000158d1917210 code [0x00000158d1917400, 0x00000158d19177f8]
Event: 2.818 Thread 0x00000158de0ee400 nmethod 2621 0x00000158d1917990 code [0x00000158d1917be0, 0x00000158d19180a0]
Event: 2.819 Thread 0x00000158de0ef1a0 2622       1       org.springframework.asm.ClassReader::readUtf (161 bytes)
Event: 2.819 Thread 0x00000158de0ef1a0 nmethod 2622 0x00000158d1918310 code [0x00000158d19184e0, 0x00000158d1918858]
Event: 2.821 Thread 0x00000158de0eead0 2623       1       org.springframework.core.annotation.AnnotationTypeMapping::getMirrorSets (5 bytes)
Event: 2.821 Thread 0x00000158de0eead0 nmethod 2623 0x00000158d1918b90 code [0x00000158d1918d20, 0x00000158d1918de8]

GC Heap History (4 events):
Event: 1.159 GC heap before
{Heap before GC invocations=0 (full 0):
 garbage-first heap   total 129024K, used 24576K [0x0000000082200000, 0x0000000100000000)
  region size 1024K, 23 young (23552K), 0 survivors (0K)
 Metaspace       used 7335K, committed 7616K, reserved 1114112K
  class space    used 886K, committed 1024K, reserved 1048576K
}
Event: 1.171 GC heap after
{Heap after GC invocations=1 (full 0):
 garbage-first heap   total 129024K, used 8447K [0x0000000082200000, 0x0000000100000000)
  region size 1024K, 3 young (3072K), 3 survivors (3072K)
 Metaspace       used 7335K, committed 7616K, reserved 1114112K
  class space    used 886K, committed 1024K, reserved 1048576K
}
Event: 2.214 GC heap before
{Heap before GC invocations=1 (full 0):
 garbage-first heap   total 129024K, used 35071K [0x0000000082200000, 0x0000000100000000)
  region size 1024K, 30 young (30720K), 3 survivors (3072K)
 Metaspace       used 12421K, committed 12928K, reserved 1114112K
  class space    used 1699K, committed 1920K, reserved 1048576K
}
Event: 2.219 GC heap after
{Heap after GC invocations=2 (full 0):
 garbage-first heap   total 129024K, used 10855K [0x0000000082200000, 0x0000000100000000)
  region size 1024K, 3 young (3072K), 3 survivors (3072K)
 Metaspace       used 12421K, committed 12928K, reserved 1114112K
  class space    used 1699K, committed 1920K, reserved 1048576K
}

Dll operation events (10 events):
Event: 0.014 Loaded shared library C:\Program Files\Java\jdk-21\bin\java.dll
Event: 0.230 Loaded shared library C:\Program Files\Java\jdk-21\bin\zip.dll
Event: 0.235 Loaded shared library C:\Program Files\Java\jdk-21\bin\instrument.dll
Event: 0.241 Loaded shared library C:\Program Files\Java\jdk-21\bin\net.dll
Event: 0.244 Loaded shared library C:\Program Files\Java\jdk-21\bin\nio.dll
Event: 0.248 Loaded shared library C:\Program Files\Java\jdk-21\bin\zip.dll
Event: 0.404 Loaded shared library C:\Program Files\Java\jdk-21\bin\jimage.dll
Event: 0.415 Loaded shared library C:\Program Files\Java\jdk-21\bin\extnet.dll
Event: 0.448 Loaded shared library C:\Program Files\Java\jdk-21\bin\management.dll
Event: 0.469 Loaded shared library C:\Program Files\Java\jdk-21\bin\management_ext.dll

Deoptimization events (0 events):
No events

Classes loaded (20 events):
Event: 2.725 Loading class java/nio/file/FileTreeIterator
Event: 2.725 Loading class java/nio/file/FileTreeIterator done
Event: 2.725 Loading class java/nio/file/FileTreeWalker
Event: 2.725 Loading class java/nio/file/FileTreeWalker done
Event: 2.725 Loading class java/nio/file/FileTreeWalker$1
Event: 2.725 Loading class java/nio/file/FileTreeWalker$1 done
Event: 2.725 Loading class java/nio/file/FileTreeWalker$DirectoryNode
Event: 2.725 Loading class java/nio/file/FileTreeWalker$DirectoryNode done
Event: 2.726 Loading class java/nio/file/FileTreeWalker$Event
Event: 2.726 Loading class java/nio/file/FileTreeWalker$Event done
Event: 2.726 Loading class java/nio/file/FileTreeWalker$EventType
Event: 2.726 Loading class java/nio/file/FileTreeWalker$EventType done
Event: 2.731 Loading class java/util/regex/Pattern$LazyLoop
Event: 2.732 Loading class java/util/regex/Pattern$Loop
Event: 2.732 Loading class java/util/regex/Pattern$Loop done
Event: 2.732 Loading class java/util/regex/Pattern$LazyLoop done
Event: 2.732 Loading class java/util/regex/Pattern$Prolog
Event: 2.732 Loading class java/util/regex/Pattern$Prolog done
Event: 2.761 Loading class java/lang/AssertionError
Event: 2.761 Loading class java/lang/AssertionError done

Classes unloaded (0 events):
No events

Classes redefined (0 events):
No events

Internal exceptions (20 events):
Event: 1.933 Thread 0x00000158debc8880 Exception <a 'java/lang/NoSuchMethodError'{0x0000000088c73680}: 'java.lang.Object java.lang.invoke.Invokers$Holder.linkToTargetMethod(java.lang.Object, java.lang.Object, int, java.lang.Object, java.lang.Object)'> (0x0000000088c73680) 
thrown [s\open\src\hotspot\share\interpreter\linkResolver.cpp, line 773]
Event: 1.934 Thread 0x00000158debc8880 Exception <a 'java/lang/NoSuchMethodError'{0x0000000088c83038}: 'java.lang.Object java.lang.invoke.DirectMethodHandle$Holder.newInvokeSpecial(java.lang.Object, int, java.lang.Object)'> (0x0000000088c83038) 
thrown [s\open\src\hotspot\share\interpreter\linkResolver.cpp, line 773]
Event: 1.934 Thread 0x00000158debc8880 Exception <a 'java/lang/NoSuchMethodError'{0x0000000088c86b18}: 'int java.lang.invoke.DirectMethodHandle$Holder.invokeSpecialIFC(java.lang.Object, java.lang.Object, java.lang.Object, java.lang.Object)'> (0x0000000088c86b18) 
thrown [s\open\src\hotspot\share\interpreter\linkResolver.cpp, line 773]
Event: 1.961 Thread 0x00000158debc8880 Exception <a 'java/lang/NoSuchMethodError'{0x0000000088b36980}: 'void java.lang.invoke.DirectMethodHandle$Holder.invokeInterface(java.lang.Object, java.lang.Object, java.lang.Object)'> (0x0000000088b36980) 
thrown [s\open\src\hotspot\share\interpreter\linkResolver.cpp, line 773]
Event: 1.987 Thread 0x00000158debc8880 Exception <a 'java/lang/NoSuchMethodError'{0x0000000088bd60d0}: 'java.lang.Object java.lang.invoke.DirectMethodHandle$Holder.invokeVirtual(java.lang.Object, java.lang.Object, java.lang.Object)'> (0x0000000088bd60d0) 
thrown [s\open\src\hotspot\share\interpreter\linkResolver.cpp, line 773]
Event: 2.016 Thread 0x00000158debc8880 Exception <a 'java/lang/NoSuchMethodError'{0x0000000088aaf990}: 'void java.lang.invoke.DirectMethodHandle$Holder.invokeStatic(java.lang.Object, java.lang.Object, int)'> (0x0000000088aaf990) 
thrown [s\open\src\hotspot\share\interpreter\linkResolver.cpp, line 773]
Event: 2.023 Thread 0x00000158debc8880 Exception <a 'java/lang/NoSuchMethodError'{0x0000000088ac0e90}: 'void java.lang.invoke.DirectMethodHandle$Holder.invokeStaticInit(java.lang.Object, java.lang.Object, java.lang.Object)'> (0x0000000088ac0e90) 
thrown [s\open\src\hotspot\share\interpreter\linkResolver.cpp, line 773]
Event: 2.031 Thread 0x00000158debc8880 Exception <a 'java/lang/NoSuchMethodError'{0x0000000088af7fc0}: 'java.lang.Object java.lang.invoke.DirectMethodHandle$Holder.invokeStaticInit(java.lang.Object, int)'> (0x0000000088af7fc0) 
thrown [s\open\src\hotspot\share\interpreter\linkResolver.cpp, line 773]
Event: 2.033 Thread 0x00000158debc8880 Exception <a 'java/lang/NoSuchMethodError'{0x0000000088902388}: 'java.lang.Object java.lang.invoke.DirectMethodHandle$Holder.invokeStatic(java.lang.Object, int, java.lang.Object)'> (0x0000000088902388) 
thrown [s\open\src\hotspot\share\interpreter\linkResolver.cpp, line 773]
Event: 2.034 Thread 0x00000158debc8880 Exception <a 'java/lang/NoSuchMethodError'{0x00000000889059e8}: 'java.lang.Object java.lang.invoke.DirectMethodHandle$Holder.invokeStaticInit(java.lang.Object, int, java.lang.Object)'> (0x00000000889059e8) 
thrown [s\open\src\hotspot\share\interpreter\linkResolver.cpp, line 773]
Event: 2.068 Thread 0x00000158debc8880 Exception <a 'java/lang/NoSuchMethodError'{0x00000000889f3848}: 'void java.lang.invoke.DirectMethodHandle$Holder.invokeVirtual(java.lang.Object, java.lang.Object, java.lang.Object, java.lang.Object)'> (0x00000000889f3848) 
thrown [s\open\src\hotspot\share\interpreter\linkResolver.cpp, line 773]
Event: 2.096 Thread 0x00000158df1a2220 Exception <a 'java/lang/NoSuchMethodError'{0x000000008843a8c8}: static [Ljava/lang/StackTraceElement;.<clinit>()V> (0x000000008843a8c8) 
thrown [s\open\src\hotspot\share\prims\jni.cpp, line 1111]
Event: 2.194 Thread 0x00000158debc8880 Exception <a 'java/lang/NoSuchMethodError'{0x00000000883ef138}: 'java.lang.Object java.lang.invoke.Invokers$Holder.invoke_MT(java.lang.Object, java.lang.Object, java.lang.Object, java.lang.Object, java.lang.Object, java.lang.Object, java.lang.Object, java.lang.Object, java.lang.Object)'> (0x00000000883ef138) 
thrown [s\open\src\hotspot\share\interpreter\linkResolver.cpp, line 773]
Event: 2.203 Thread 0x00000158debc8880 Exception <a 'java/lang/NoSuchMethodError'{0x000000008821e8e0}: 'java.lang.reflect.Field[] java.lang.Class.getDeclaredFields(java.lang.Class)'> (0x000000008821e8e0) 
thrown [s\open\src\hotspot\share\interpreter\linkResolver.cpp, line 773]
Event: 2.205 Thread 0x00000158df0a8b00 Exception <a 'java/lang/NoClassDefFoundError'{0x000000008822aed8}: jakarta/validation/Validation> (0x000000008822aed8) 
thrown [s\open\src\hotspot\share\classfile\systemDictionary.cpp, line 301]
Event: 2.214 Thread 0x00000158debc8880 Exception <a 'java/lang/IncompatibleClassChangeError'{0x00000000882b9658}: Found class java.lang.Object, but interface was expected> (0x00000000882b9658) 
thrown [s\open\src\hotspot\share\interpreter\linkResolver.cpp, line 840]
Event: 2.449 Thread 0x00000158de825af0 Exception <a 'java/lang/NoSuchMethodError'{0x0000000089662298}: 'long java.lang.invoke.DirectMethodHandle$Holder.invokeVirtual(java.lang.Object, java.lang.Object)'> (0x0000000089662298) 
thrown [s\open\src\hotspot\share\interpreter\linkResolver.cpp, line 773]
Event: 2.449 Thread 0x00000158de825af0 Exception <a 'java/lang/NoSuchMethodError'{0x0000000089665828}: 'long java.lang.invoke.DelegatingMethodHandle$Holder.reinvoke_L(java.lang.Object, java.lang.Object)'> (0x0000000089665828) 
thrown [s\open\src\hotspot\share\interpreter\linkResolver.cpp, line 773]
Event: 2.724 Thread 0x00000158debc8880 Exception <a 'java/lang/NoSuchMethodError'{0x00000000889e16f0}: 'int java.lang.invoke.DirectMethodHandle$Holder.invokeSpecial(java.lang.Object, java.lang.Object, java.lang.Object, java.lang.Object, java.lang.Object)'> (0x00000000889e16f0) 
thrown [s\open\src\hotspot\share\interpreter\linkResolver.cpp, line 773]
Event: 2.726 Thread 0x00000158debc8880 Exception <a 'java/lang/NoSuchMethodError'{0x00000000889e9770}: 'void java.lang.invoke.DirectMethodHandle$Holder.invokeVirtual(java.lang.Object, java.lang.Object)'> (0x00000000889e9770) 
thrown [s\open\src\hotspot\share\interpreter\linkResolver.cpp, line 773]

ZGC Phase Switch (0 events):
No events

VM Operations (20 events):
Event: 1.024 Executing VM operation: HandshakeAllThreads (Deoptimize)
Event: 1.024 Executing VM operation: HandshakeAllThreads (Deoptimize) done
Event: 1.068 Executing VM operation: ICBufferFull
Event: 1.068 Executing VM operation: ICBufferFull done
Event: 1.159 Executing VM operation: G1CollectForAllocation (G1 Evacuation Pause)
Event: 1.171 Executing VM operation: G1CollectForAllocation (G1 Evacuation Pause) done
Event: 1.558 Executing VM operation: HandshakeAllThreads (Deoptimize)
Event: 1.558 Executing VM operation: HandshakeAllThreads (Deoptimize) done
Event: 1.979 Executing VM operation: ICBufferFull
Event: 1.979 Executing VM operation: ICBufferFull done
Event: 2.174 Executing VM operation: HandshakeAllThreads (Deoptimize)
Event: 2.175 Executing VM operation: HandshakeAllThreads (Deoptimize) done
Event: 2.179 Executing VM operation: HandshakeAllThreads (Deoptimize)
Event: 2.179 Executing VM operation: HandshakeAllThreads (Deoptimize) done
Event: 2.214 Executing VM operation: G1CollectForAllocation (G1 Evacuation Pause)
Event: 2.219 Executing VM operation: G1CollectForAllocation (G1 Evacuation Pause) done
Event: 2.657 Executing VM operation: HandshakeAllThreads (Deoptimize)
Event: 2.657 Executing VM operation: HandshakeAllThreads (Deoptimize) done
Event: 2.703 Executing VM operation: HandshakeAllThreads (Deoptimize)
Event: 2.703 Executing VM operation: HandshakeAllThreads (Deoptimize) done

Events (20 events):
Event: 0.051 Thread 0x00000158d9647f30 Thread added: 0x00000158d9647f30
Event: 0.051 Thread 0x00000158de010090 Thread added: 0x00000158de010090
Event: 0.204 Thread 0x00000158d96089e0 Thread added: 0x00000158d96089e0
Event: 0.213 Thread 0x00000158de0ef1a0 Thread added: 0x00000158de0ef1a0
Event: 0.393 Thread 0x00000158de4eebe0 Thread added: 0x00000158de4eebe0
Event: 0.393 Thread 0x00000158de4ef640 Thread added: 0x00000158de4ef640
Event: 0.559 Thread 0x00000158de0ee400 Thread added: 0x00000158de0ee400
Event: 0.559 Thread 0x00000158de0eead0 Thread added: 0x00000158de0eead0
Event: 0.840 Thread 0x00000158de7ed8a0 Thread added: 0x00000158de7ed8a0
Event: 0.947 Thread 0x00000158de825af0 Thread added: 0x00000158de825af0
Event: 1.000 Thread 0x00000158de884e60 Thread added: 0x00000158de884e60
Event: 1.020 Thread 0x00000158de8ad090 Thread added: 0x00000158de8ad090
Event: 1.448 Thread 0x00000158deb8df20 Thread added: 0x00000158deb8df20
Event: 1.452 Thread 0x00000158debc8880 Thread added: 0x00000158debc8880
Event: 2.077 Thread 0x00000158df1a2220 Thread added: 0x00000158df1a2220
Event: 2.079 Thread 0x00000158df1a1bc0 Thread added: 0x00000158df1a1bc0
Event: 2.117 Thread 0x00000158df1a1bc0 Thread exited: 0x00000158df1a1bc0
Event: 2.192 Thread 0x00000158df0a8b00 Thread added: 0x00000158df0a8b00
Event: 2.620 Thread 0x00000158df596760 Thread added: 0x00000158df596760
Event: 2.631 Thread 0x00000158df596760 Thread exited: 0x00000158df596760


Dynamic libraries:
0x00007ff781f40000 - 0x00007ff781f50000 	C:\Program Files\Java\jdk-21\bin\java.exe
0x00007ffec5a60000 - 0x00007ffec5cc8000 	C:\WINDOWS\SYSTEM32\ntdll.dll
0x00007ffec4790000 - 0x00007ffec4859000 	C:\WINDOWS\System32\KERNEL32.DLL
0x00007ffec2e30000 - 0x00007ffec3222000 	C:\WINDOWS\System32\KERNELBASE.dll
0x00007ffec33f0000 - 0x00007ffec353b000 	C:\WINDOWS\System32\ucrtbase.dll
0x00007ffe9c5a0000 - 0x00007ffe9c5bb000 	C:\Program Files\Java\jdk-21\bin\VCRUNTIME140.dll
0x00007ffe9c580000 - 0x00007ffe9c599000 	C:\Program Files\Java\jdk-21\bin\jli.dll
0x00007ffec4320000 - 0x00007ffec43d4000 	C:\WINDOWS\System32\ADVAPI32.dll
0x00007ffec4260000 - 0x00007ffec4309000 	C:\WINDOWS\System32\msvcrt.dll
0x00007ffec5840000 - 0x00007ffec58e6000 	C:\WINDOWS\System32\sechost.dll
0x00007ffec4860000 - 0x00007ffec4978000 	C:\WINDOWS\System32\RPCRT4.dll
0x00007ffec4fd0000 - 0x00007ffec5195000 	C:\WINDOWS\System32\USER32.dll
0x00007ffeab750000 - 0x00007ffeab9e3000 	C:\WINDOWS\WinSxS\amd64_microsoft.windows.common-controls_6595b64144ccf1df_6.0.26100.6899_none_3e0efeeae32e88c1\COMCTL32.dll
0x00007ffec3800000 - 0x00007ffec3827000 	C:\WINDOWS\System32\win32u.dll
0x00007ffec4aa0000 - 0x00007ffec4acb000 	C:\WINDOWS\System32\GDI32.dll
0x00007ffec3230000 - 0x00007ffec335d000 	C:\WINDOWS\System32\gdi32full.dll
0x00007ffec35e0000 - 0x00007ffec3683000 	C:\WINDOWS\System32\msvcp_win.dll
0x00007ffeb81f0000 - 0x00007ffeb81fb000 	C:\WINDOWS\SYSTEM32\VERSION.dll
0x00007ffec4980000 - 0x00007ffec49af000 	C:\WINDOWS\System32\IMM32.DLL
0x00007ffe9c490000 - 0x00007ffe9c49c000 	C:\Program Files\Java\jdk-21\bin\vcruntime140_1.dll
0x00007ffe5a6f0000 - 0x00007ffe5a77e000 	C:\Program Files\Java\jdk-21\bin\msvcp140.dll
0x00007ffe22530000 - 0x00007ffe2324d000 	C:\Program Files\Java\jdk-21\bin\server\jvm.dll
0x00007ffec3830000 - 0x00007ffec38a4000 	C:\WINDOWS\System32\WS2_32.dll
0x00007ffec2a70000 - 0x00007ffec2ace000 	C:\WINDOWS\SYSTEM32\POWRPROF.dll
0x00007ffeadaa0000 - 0x00007ffeadad5000 	C:\WINDOWS\SYSTEM32\WINMM.dll
0x00007ffec2a50000 - 0x00007ffec2a64000 	C:\WINDOWS\SYSTEM32\UMPDC.dll
0x00007ffec1980000 - 0x00007ffec199b000 	C:\WINDOWS\SYSTEM32\kernel.appcore.dll
0x00007ffe96e00000 - 0x00007ffe96e0a000 	C:\Program Files\Java\jdk-21\bin\jimage.dll
0x00007ffebd490000 - 0x00007ffebd6d2000 	C:\WINDOWS\SYSTEM32\DBGHELP.DLL
0x00007ffec54c0000 - 0x00007ffec583b000 	C:\WINDOWS\System32\combase.dll
0x00007ffec49c0000 - 0x00007ffec4a97000 	C:\WINDOWS\System32\OLEAUT32.dll
0x00007ffe9be80000 - 0x00007ffe9bebc000 	C:\WINDOWS\SYSTEM32\dbgcore.DLL
0x00007ffec3540000 - 0x00007ffec35d8000 	C:\WINDOWS\System32\bcryptPrimitives.dll
0x00007ffe91540000 - 0x00007ffe9154f000 	C:\Program Files\Java\jdk-21\bin\instrument.dll
0x00007ffe96de0000 - 0x00007ffe96dff000 	C:\Program Files\Java\jdk-21\bin\java.dll
0x00007ffec39b0000 - 0x00007ffec40fd000 	C:\WINDOWS\System32\SHELL32.dll
0x00007ffec3690000 - 0x00007ffec37fb000 	C:\WINDOWS\System32\wintypes.dll
0x00007ffec0820000 - 0x00007ffec107d000 	C:\WINDOWS\SYSTEM32\windows.storage.dll
0x00007ffec5920000 - 0x00007ffec5a12000 	C:\WINDOWS\System32\SHCORE.dll
0x00007ffec4ad0000 - 0x00007ffec4b32000 	C:\WINDOWS\System32\shlwapi.dll
0x00007ffec2b10000 - 0x00007ffec2b39000 	C:\WINDOWS\SYSTEM32\profapi.dll
0x00007ffe91b70000 - 0x00007ffe91b88000 	C:\Program Files\Java\jdk-21\bin\zip.dll
0x00007ffe96dd0000 - 0x00007ffe96de0000 	C:\Program Files\Java\jdk-21\bin\net.dll
0x00007ffeb79d0000 - 0x00007ffeb7aef000 	C:\WINDOWS\SYSTEM32\WINHTTP.dll
0x00007ffec1ed0000 - 0x00007ffec1f3b000 	C:\WINDOWS\system32\mswsock.dll
0x00007ffe91b90000 - 0x00007ffe91ba6000 	C:\Program Files\Java\jdk-21\bin\nio.dll
0x00007ffeb9190000 - 0x00007ffeb9199000 	C:\Program Files\Java\jdk-21\bin\extnet.dll
0x00007ffec1410000 - 0x00007ffec1536000 	C:\WINDOWS\SYSTEM32\DNSAPI.dll
0x00007ffec1380000 - 0x00007ffec13b4000 	C:\WINDOWS\SYSTEM32\IPHLPAPI.DLL
0x00007ffec4680000 - 0x00007ffec468a000 	C:\WINDOWS\System32\NSI.dll
0x00007ffeb7f90000 - 0x00007ffeb7f9b000 	C:\Windows\System32\rasadhlp.dll
0x00007ffeb5860000 - 0x00007ffeb58e6000 	C:\WINDOWS\System32\fwpuclnt.dll
0x00007ffeb9180000 - 0x00007ffeb918a000 	C:\Program Files\Java\jdk-21\bin\management.dll
0x00007ffeb0090000 - 0x00007ffeb009b000 	C:\Program Files\Java\jdk-21\bin\management_ext.dll
0x00007ffec51a0000 - 0x00007ffec51a8000 	C:\WINDOWS\System32\PSAPI.DLL
0x00007ffec22b0000 - 0x00007ffec22cb000 	C:\WINDOWS\SYSTEM32\CRYPTSP.dll
0x00007ffec18e0000 - 0x00007ffec191b000 	C:\WINDOWS\system32\rsaenh.dll
0x00007ffec1f70000 - 0x00007ffec1f9b000 	C:\WINDOWS\SYSTEM32\USERENV.dll
0x00007ffec2ae0000 - 0x00007ffec2b06000 	C:\WINDOWS\SYSTEM32\bcrypt.dll
0x00007ffec2110000 - 0x00007ffec211c000 	C:\WINDOWS\SYSTEM32\CRYPTBASE.dll
0x00007ffeba750000 - 0x00007ffeba768000 	C:\WINDOWS\system32\napinsp.dll
0x00007ffeba730000 - 0x00007ffeba742000 	C:\WINDOWS\System32\winrnr.dll
0x00007ffe51f30000 - 0x00007ffe51f58000 	C:\WINDOWS\system32\nlansp_c.dll
0x00007ffeb6fa0000 - 0x00007ffeb6fb6000 	C:\WINDOWS\system32\wshbth.dll
0x00007ffea5a30000 - 0x00007ffea5a86000 	C:\WINDOWS\SYSTEM32\pdh.dll
0x00007ffe90c00000 - 0x00007ffe90c12000 	C:\WINDOWS\System32\perfproc.dll
0x00007ffe97b30000 - 0x00007ffe97b41000 	C:\WINDOWS\System32\perfos.dll
0x00007ffebc9c0000 - 0x00007ffebc9d2000 	C:\WINDOWS\SYSTEM32\pfclient.dll

dbghelp: loaded successfully - version: 4.0.5 - missing functions: none
symbol engine: initialized successfully - sym options: 0x614 - pdb path: .;C:\Program Files\Java\jdk-21\bin;C:\WINDOWS\SYSTEM32;C:\WINDOWS\WinSxS\amd64_microsoft.windows.common-controls_6595b64144ccf1df_6.0.26100.6899_none_3e0efeeae32e88c1;C:\Program Files\Java\jdk-21\bin\server

VM Arguments:
jvm_args: -XX:TieredStopAtLevel=1 -Dspring.output.ansi.enabled=always -Dcom.sun.management.jmxremote -Dspring.jmx.enabled=true -Dspring.liveBeansView.mbeanDomain -Dspring.application.admin.enabled=true -Dmanagement.endpoints.jmx.exposure.include=* -javaagent:D:\Download_Intellij\IntelliJ IDEA 2025.2.2\lib\idea_rt.jar=58278 -Dfile.encoding=UTF-8 -Dsun.stdout.encoding=UTF-8 -Dsun.stderr.encoding=UTF-8 
java_command: com.example.bookshop_.BookshopApplication
java_class_path (initial): D:\FullSatck_TITV\BookShop\BookShop_Backend\bookshop_\bookshop_\target\classes;C:\Users\haibien\.m2\repository\org\springframework\boot\spring-boot-starter-data-jpa\3.5.7\spring-boot-starter-data-jpa-3.5.7.jar;C:\Users\haibien\.m2\repository\org\springframework\boot\spring-boot-starter\3.5.7\spring-boot-starter-3.5.7.jar;C:\Users\haibien\.m2\repository\org\springframework\boot\spring-boot-starter-logging\3.5.7\spring-boot-starter-logging-3.5.7.jar;C:\Users\haibien\.m2\repository\ch\qos\logback\logback-classic\1.5.20\logback-classic-1.5.20.jar;C:\Users\haibien\.m2\repository\ch\qos\logback\logback-core\1.5.20\logback-core-1.5.20.jar;C:\Users\haibien\.m2\repository\org\apache\logging\log4j\log4j-to-slf4j\2.24.3\log4j-to-slf4j-2.24.3.jar;C:\Users\haibien\.m2\repository\org\apache\logging\log4j\log4j-api\2.24.3\log4j-api-2.24.3.jar;C:\Users\haibien\.m2\repository\org\slf4j\jul-to-slf4j\2.0.17\jul-to-slf4j-2.0.17.jar;C:\Users\haibien\.m2\repository\jakarta\annotation\jakarta.annotation-api\2.1.1\jakarta.annotation-api-2.1.1.jar;C:\Users\haibien\.m2\repository\org\yaml\snakeyaml\2.4\snakeyaml-2.4.jar;C:\Users\haibien\.m2\repository\org\springframework\boot\spring-boot-starter-jdbc\3.5.7\spring-boot-starter-jdbc-3.5.7.jar;C:\Users\haibien\.m2\repository\com\zaxxer\HikariCP\6.3.3\HikariCP-6.3.3.jar;C:\Users\haibien\.m2\repository\org\springframework\spring-jdbc\6.2.12\spring-jdbc-6.2.12.jar;C:\Users\haibien\.m2\repository\org\hibernate\orm\hibernate-core\6.6.33.Final\hibernate-core-6.6.33.Final.jar;C:\Users\haibien\.m2\repository\jakarta\persistence\jakarta.persistence-api\3.1.0\jakarta.persistence-api-3.1.0.jar;C:\Users\haibien\.m2\repository\jakarta\transaction\jakarta.transaction-api\2.0.1\jakarta.transaction-api-2.0.1.jar;C:\Users\haibien\.m2\repository\org\jboss\logging\jboss-logging\3.6.1.Final\jboss-logging-3.6.1.Final.jar;C:\Users\haibien\.m2\repository\org\hibernate\common\hibernate-commons-annotations\7.0.3.Final\hibernate-commons-annotations-7.0.3.Final.jar;C:\Users\haibien\.m2\repository\io\smallrye\jandex\3.2.0\jandex-3.2.0.jar;C:\Users\haibien\.m2\repository\com\fasterxml\classmate\1.7.1\classmate-1.7.1.jar;C:\Users\haibien\.m2\repository\net\bytebuddy\byte-buddy\1.17.8\byte-buddy-1.17.8.jar;C:\Users\haibien\.m2\repository\org\glassfish\jaxb\jaxb-runtime\4.0.6\jaxb-runtime-4.0.6.jar;C:\Users\haibien\.m2\repository\org\glassfish\jaxb\jaxb-core\4.0.6\jaxb-core-4.0.6.jar;C:\Users\haibien\.m2\repository\org\eclipse\angus\angus-activation\2.0.3\angus-activation-2.0.3.jar;C:\Users\haibien\.m2\repository\org\glassfish\jaxb\txw2\4.0.6\txw2-4.0.6.jar;C:\Users\haibien\.m2\repository\com\sun\istack\istack-commons-runtime\4.1.2\istack-commons-runtime-4.1.2.jar;C:\Users\haibien\.m2\repository\jakarta\inject\jakarta.inject-api\2.0.1\jakarta.inject-api-2.0.1.jar;C:\Users\haibien\.m2\repository\org\antlr\antlr4-runtime\4.13.0\antlr4-runtime-4.13.0.jar;C:\Users\haibien\.m2\repository\org\springframework\data\spring-data-jpa\3.5.5\spring-data-jpa-3.5.5.jar;C:\Users\haibien\.m2\repository\org\springframework\data\spring-data-commons\3.5.5\spring-data-commons-3.5.5.jar;C:\Users\haibien\.m2\repository\org\springframework\spring-orm\6.2.12\spring-orm-6.2.12.jar;C:\Users\haibien\.m2\repository\org\springframework\spring-context\6.2.12\spring-context-6.2.12.jar;C:\Users\haibien\.m2\repository\org\springframework\spring-aop\6.2.12\spring-aop-6.2.12.jar;C:\Users\haibien\.m2\repository\org\springframework\spring-tx\6.2.12\spring-tx-6.2.12.jar;C:\Users\haibien\.m2\repository\org\springframework\spring-beans\6.2.12\spring-beans-6.2.12.jar;C:\Users\haibien\.m2\repository\org\slf4j\slf4j-api\2.0.17\slf4j-api-2.0.17.jar;C:\Users\haibien\.m2\repository\org\springframework\spring-aspects\6.2.12\spring-aspects-6.2.12.jar;C:\Users\haibien\.m2\repository\org\aspectj\aspectjweaver\1.9.24\aspectjweaver-1.9.24.jar;C:\Users\haibien\.m2\repository\org\springframework\boot\spring-boot-starter-data-rest\3.5.7\spring-boot-starter-data-rest-3.5.7.jar;C:\Users\haibien\.m2\repository\org\springframework\data\spring-data-rest-webmvc\4.5.5\spring-data-rest-webmvc-4.5.5.jar;C:\Users\haibien\.m2\repository\org\springframework\data\spring-data-rest-core\4.5.5\spring-data-rest-core-4.5.5.jar;C:\Users\haibien\.m2\repository\org\springframework\hateoas\spring-hateoas\2.5.1\spring-hateoas-2.5.1.jar;C:\Users\haibien\.m2\repository\org\springframework\plugin\spring-plugin-core\3.0.0\spring-plugin-core-3.0.0.jar;C:\Users\haibien\.m2\repository\org\atteo\evo-inflector\1.3\evo-inflector-1.3.jar;C:\Users\haibien\.m2\repository\com\fasterxml\jackson\core\jackson-databind\2.19.2\jackson-databind-2.19.2.jar;C:\Users\haibien\.m2\repository\com\fasterxml\jackson\core\jackson-core\2.19.2\jackson-core-2.19.2.jar;C:\Users\haibien\.m2\repository\com\fasterxml\jackson\core\jackson-annotations\2.19.2\jackson-annotations-2.19.2.jar;C:\Users\haibien\.m2\repository\org\springframework\boot\spring-boot-starter-web\3.5.7\spring-boot-starter-web-3.5.7.jar;C:\Users\haibien\.m2\repository\org\springframework\boot\spring-boot-starter-json\3.5.7\spring-boot-starter-json-3.5.7.jar;C:\Users\haibien\.m2\repository\com\fasterxml\jackson\datatype\jackson-datatype-jdk8\2.19.2\jackson-datatype-jdk8-2.19.2.jar;C:\Users\haibien\.m2\repository\com\fasterxml\jackson\datatype\jackson-datatype-jsr310\2.19.2\jackson-datatype-jsr310-2.19.2.jar;C:\Users\haibien\.m2\repository\com\fasterxml\jackson\module\jackson-module-parameter-names\2.19.2\jackson-module-parameter-names-2.19.2.jar;C:\Users\haibien\.m2\repository\org\springframework\boot\spring-boot-starter-tomcat\3.5.7\spring-boot-starter-tomcat-3.5.7.jar;C:\Users\haibien\.m2\repository\org\apache\tomcat\embed\tomcat-embed-core\10.1.48\tomcat-embed-core-10.1.48.jar;C:\Users\haibien\.m2\repository\org\apache\tomcat\embed\tomcat-embed-el\10.1.48\tomcat-embed-el-10.1.48.jar;C:\Users\haibien\.m2\repository\org\apache\tomcat\embed\tomcat-embed-websocket\10.1.48\tomcat-embed-websocket-10.1.48.jar;C:\Users\haibien\.m2\repository\org\springframework\spring-web\6.2.12\spring-web-6.2.12.jar;C:\Users\haibien\.m2\repository\io\micrometer\micrometer-observation\1.15.5\micrometer-observation-1.15.5.jar;C:\Users\haibien\.m2\repository\io\micrometer\micrometer-commons\1.15.5\micrometer-commons-1.15.5.jar;C:\Users\haibien\.m2\repository\org\springframework\spring-webmvc\6.2.12\spring-webmvc-6.2.12.jar;C:\Users\haibien\.m2\repository\org\springframework\spring-expression\6.2.12\spring-expression-6.2.12.jar;C:\Users\haibien\.m2\repository\org\springframework\boot\spring-boot-devtools\3.5.7\spring-boot-devtools-3.5.7.jar;C:\Users\haibien\.m2\repository\org\springframework\boot\spring-boot\3.5.7\spring-boot-3.5.7.jar;C:\Users\haibien\.m2\repository\org\springframework\boot\spring-boot-autoconfigure\3.5.7\spring-boot-autoconfigure-3.5.7.jar;C:\Users\haibien\.m2\repository\com\mysql\mysql-connector-j\9.4.0\mysql-connector-j-9.4.0.jar;C:\Users\haibien\.m2\repository\org\projectlombok\lombok\1.18.42\lombok-1.18.42.jar;C:\Users\haibien\.m2\repository\com\jayway\jsonpath\json-path\2.9.0\json-path-2.9.0.jar;C:\Users\haibien\.m2\repository\jakarta\xml\bind\jakarta.xml.bind-api\4.0.4\jakarta.xml.bind-api-4.0.4.jar;C:\Users\haibien\.m2\repository\jakarta\activation\jakarta.activation-api\2.1.4\jakarta.activation-api-2.1.4.jar;C:\Users\haibien\.m2\repository\net\minidev\json-smart\2.5.2\json-smart-2.5.2.jar;C:\Users\haibien\.m2\repository\net\minidev\accessors-smart\2.5.2\accessors-smart-2.5.2.jar;C:\Users\haibien\.m2\repository\org\ow2\asm\asm\9.7.1\asm-9.7.1.jar;C:\Users\haibien\.m2\repository\org\springframework\spring-core\6.2.12\spring-core-6.2.12.jar;C:\Users\haibien\.m2\repository\org\springframework\spring-jcl\6.2.12\spring-jcl-6.2.12.jar
Launcher Type: SUN_STANDARD

[Global flags]
     intx CICompilerCount                          = 4                                         {product} {ergonomic}
     uint ConcGCThreads                            = 2                                         {product} {ergonomic}
     uint G1ConcRefinementThreads                  = 8                                         {product} {ergonomic}
   size_t G1HeapRegionSize                         = 1048576                                   {product} {ergonomic}
    uintx GCDrainStackTargetSize                   = 64                                        {product} {ergonomic}
   size_t InitialHeapSize                          = 132120576                                 {product} {ergonomic}
     bool ManagementServer                         = true                                      {product} {command line}
   size_t MarkStackSize                            = 4194304                                   {product} {ergonomic}
   size_t MaxHeapSize                              = 2111832064                                {product} {ergonomic}
   size_t MaxNewSize                               = 1266679808                                {product} {ergonomic}
   size_t MinHeapDeltaBytes                        = 1048576                                   {product} {ergonomic}
   size_t MinHeapSize                              = 8388608                                   {product} {ergonomic}
    uintx NonNMethodCodeHeapSize                   = 4096                                   {pd product} {ergonomic}
    uintx NonProfiledCodeHeapSize                  = 0                                      {pd product} {ergonomic}
     bool ProfileInterpreter                       = false                                  {pd product} {command line}
    uintx ProfiledCodeHeapSize                     = 0                                      {pd product} {ergonomic}
   size_t SoftMaxHeapSize                          = 2111832064                             {manageable} {ergonomic}
     intx TieredStopAtLevel                        = 1                                         {product} {command line}
     bool UseCompressedOops                        = true                           {product lp64_product} {ergonomic}
     bool UseG1GC                                  = true                                      {product} {ergonomic}
     bool UseLargePagesIndividualAllocation        = false                                  {pd product} {ergonomic}

Logging:
Log output configuration:
 #0: stdout all=warning uptime,level,tags foldmultilines=false
 #1: stderr all=off uptime,level,tags foldmultilines=false

Environment Variables:
PATH=C:\Program Files\Common Files\Oracle\Java\javapath;C:\WINDOWS\system32;C:\WINDOWS;C:\WINDOWS\System32\Wbem;C:\WINDOWS\System32\WindowsPowerShell\v1.0\;C:\WINDOWS\System32\OpenSSH\;D:\Cursor\cursor\resources\app\bin;C:\Program Files (x86)\dotnet\;D:\Download_Git\Git\cmd;C:\Program Files\Docker\Docker\resources\bin;C:\apache-maven-3.9.11-bin\apache-maven-3.9.11\bin;D:\Download_NodeJS\;d:\Cursor\cursor\resources\app\codeBin;C:\Users\haibien\AppData\Local\Microsoft\WindowsApps;D:\Download VS Code\Microsoft VS Code\bin;C:\Users\haibien\AppData\Local\GitHubDesktop\bin;D:\Download_Intellij\IntelliJ IDEA 2025.2.2\bin;C:\Users\haibien\AppData\Roaming\npm
USERNAME=haibien
OS=Windows_NT
PROCESSOR_IDENTIFIER=Intel64 Family 6 Model 142 Stepping 10, GenuineIntel
TMP=C:\Users\haibien\AppData\Local\Temp
TEMP=C:\Users\haibien\AppData\Local\Temp




Periodic native trim disabled

---------------  S Y S T E M  ---------------

OS:
 Windows 11 , 64 bit Build 26100 (10.0.26100.6725)
OS uptime: 2 days 17:20 hours
Hyper-V role detected

CPU: total 8 (initial active 8) (4 cores per cpu, 2 threads per core) family 6 model 142 stepping 10 microcode 0xf6, cx8, cmov, fxsr, ht, mmx, 3dnowpref, sse, sse2, sse3, ssse3, sse4.1, sse4.2, popcnt, lzcnt, tsc, tscinvbit, avx, avx2, aes, erms, clmul, bmi1, bmi2, rtm, adx, fma, vzeroupper, clflush, clflushopt, hv, rdtscp, f16c
Processor Information for all 8 processors :
  Max Mhz: 1896, Current Mhz: 1696, Mhz Limit: 1687

Memory: 4k page, system-wide physical 8050M (1003M free)
TotalPageFile size 14983M (AvailPageFile size 116M)
current process WorkingSet (physical memory assigned to process): 121M, peak: 121M
current process commit charge ("private bytes"): 248M, peak: 248M

vm_info: Java HotSpot(TM) 64-Bit Server VM (21.0.8+12-LTS-250) for windows-amd64 JRE (21.0.8+12-LTS-250), built on 2025-06-27T08:11:22Z by "mach5one" with MS VC++ 17.6 (VS2022)

END.
